<?xml version="1.0" encoding="UTF-8"?>
<!-- Generated by org.testng.reporters.JUnitReportReporter -->
<testsuite skipped="0" hostname="360NDCLP093" name="com.trader.scripts.cycletrader.DealersPage" tests="1" failures="0" timestamp="16 Jan 2019 06:22:28 GMT" time="53.504" errors="0">
  <testcase name="websiteEmailMapLinksRedirectionAndAssertResultPage" time="53.504" classname="com.trader.scripts.cycletrader.DealersPage"/>
</testsuite> <!-- com.trader.scripts.cycletrader.DealersPage -->
