<?xml version="1.0" encoding="UTF-8"?>
<!-- Generated by org.testng.reporters.JUnitReportReporter -->
<testsuite skipped="0" hostname="360NDCLP093" name="com.trader.scripts.LoginPage" tests="1" failures="0" timestamp="11 Jan 2019 10:22:50 GMT" time="41.632" errors="0">
  <testcase name="assertForgotPasswordLinkInReceivedForgotEmail" time="41.632" classname="com.trader.scripts.LoginPage"/>
</testsuite> <!-- com.trader.scripts.LoginPage -->
