<?xml version="1.0" encoding="UTF-8"?>
<!-- Generated by org.testng.reporters.JUnitReportReporter -->
<testsuite skipped="0" hostname="360NDCLP093" name="com.trader.scripts.MyTraderPage" tests="1" failures="0" timestamp="07 Jan 2019 10:11:09 GMT" time="85.182" errors="0">
  <testcase name="verifyUserAbleToEditSavedListingMyListingSection" time="85.182" classname="com.trader.scripts.MyTraderPage"/>
</testsuite> <!-- com.trader.scripts.MyTraderPage -->
