<?xml version="1.0" encoding="UTF-8"?>
<!-- Generated by org.testng.reporters.JUnitReportReporter -->
<testsuite skipped="0" hostname="360NDCLP093" name="com.trader.scripts.DealersPage" tests="1" failures="0" timestamp="14 Jan 2019 08:50:24 GMT" time="62.387" errors="0">
  <testcase name="websiteEmailMapLinksRedirectionAndAssertResultPage" time="62.387" classname="com.trader.scripts.DealersPage"/>
</testsuite> <!-- com.trader.scripts.DealersPage -->
