<?xml version="1.0" encoding="UTF-8"?>
<!-- Generated by org.testng.reporters.JUnitReportReporter -->
<testsuite skipped="0" hostname="360NDCLP093" name="com.trader.scripts.SellYourMotorcyclePage" tests="1" failures="0" timestamp="14 Jan 2019 09:16:08 GMT" time="90.671" errors="0">
  <testcase name="verifyAllSectionsLinksAndButtonAtMyTraderCreateListingsWithBestPackagePage" time="90.671" classname="com.trader.scripts.SellYourMotorcyclePage"/>
</testsuite> <!-- com.trader.scripts.SellYourMotorcyclePage -->
