<?xml version="1.0" encoding="UTF-8"?>
<!-- Generated by org.testng.reporters.JUnitReportReporter -->
<testsuite skipped="0" hostname="360NDCLP093" name="com.trader.scripts.cycletrader.LoginPage" tests="1" failures="0" timestamp="16 Jan 2019 06:03:08 GMT" time="57.651" errors="0">
  <testcase name="assertErrorMessageForGoogleInvalidLoginAtGooglePopUp" time="57.651" classname="com.trader.scripts.cycletrader.LoginPage"/>
</testsuite> <!-- com.trader.scripts.cycletrader.LoginPage -->
