<?xml version="1.0" encoding="UTF-8"?>
<!-- Generated by org.testng.reporters.JUnitReportReporter -->
<testsuite skipped="0" hostname="360NDCLP093" name="com.trader.scripts.cycletrader.AdvancedSearchPage" tests="1" failures="0" timestamp="16 Jan 2019 07:43:29 GMT" time="98.904" errors="0">
  <testcase name="assertOutTheDoorTaglineAtListingDetailsPage" time="98.904" classname="com.trader.scripts.cycletrader.AdvancedSearchPage"/>
</testsuite> <!-- com.trader.scripts.cycletrader.AdvancedSearchPage -->
