<?xml version="1.0" encoding="UTF-8"?>
<!-- Generated by org.testng.reporters.JUnitReportReporter -->
<testsuite skipped="0" hostname="360NDCLP093" name="com.trader.scripts.cycletrader.SmokeTest" tests="1" failures="0" timestamp="21 Jan 2019 10:53:33 GMT" time="99.999" errors="0">
  <testcase name="advancedSearchWithAllRefineOptions" time="99.999" classname="com.trader.scripts.cycletrader.SmokeTest"/>
</testsuite> <!-- com.trader.scripts.cycletrader.SmokeTest -->
